<?xml version="1.0" encoding="UTF-8"?>
<testsuite xmlns:xsi="http://www.w3.org/2001/XMLSchema-instance" xsi:noNamespaceSchemaLocation="https://maven.apache.org/surefire/maven-surefire-plugin/xsd/surefire-test-report.xsd" version="3.0.2" name="mipt.guchievmb.hw1.test.UsersControllerTest" time="1.451" tests="3" errors="0" skipped="0" failures="0">
  <properties>
[...]
</properties>
  <testcase name="shouldReturnDifferentUserByIdWhenUserExists" classname="mipt.guchievmb.hw1.test.UsersControllerTest" time="0.293">
    <system-out><![CDATA[2025-02-24T01:06:35.210+03:00  INFO 12628 --- [test] [           main] t.c.s.AnnotationConfigContextLoaderUtils : Could not detect default configuration classes for test class [mipt.guchievmb.hw1.test.UsersControllerTest]: UsersControllerTest does not declare any static, non-private, non-final, nested classes annotated with @Configuration.
2025-02-24T01:06:35.287+03:00  INFO 12628 --- [test] [           main] .b.t.c.SpringBootTestContextBootstrapper : Found @SpringBootConfiguration mipt.guchievmb.hw1.Application for test class mipt.guchievmb.hw1.test.UsersControllerTest

  .   ____          _            __ _ _
 /\\ / ___'_ __ _ _(_)_ __  __ _ \ \ \ \
( ( )\___ | '_ | '_| | '_ \/ _` | \ \ \ \
 \\/  ___)| |_)| | | | | || (_| |  ) ) ) )
  '  |____| .__|_| |_|_| |_\__, | / / / /
 =========|_|==============|___/=/_/_/_/

 :: Spring Boot ::                (v3.4.2)

2025-02-24T01:06:35.423+03:00  INFO 12628 --- [test] [           main] m.g.hw1.test.UsersControllerTest         : Starting UsersControllerTest using Java 23.0.1 with PID 12628 (started by PC in C:\Users\t480s\IdeaProjects\2semHwMTC)
2025-02-24T01:06:35.424+03:00  INFO 12628 --- [test] [           main] m.g.hw1.test.UsersControllerTest         : No active profile set, falling back to 1 default profile: "default"
2025-02-24T01:06:36.266+03:00  INFO 12628 --- [test] [           main] o.s.b.t.m.w.SpringBootMockServletContext : Initializing Spring TestDispatcherServlet ''
2025-02-24T01:06:36.268+03:00  INFO 12628 --- [test] [           main] o.s.t.web.servlet.TestDispatcherServlet  : Initializing Servlet ''
2025-02-24T01:06:36.269+03:00  INFO 12628 --- [test] [           main] o.s.t.web.servlet.TestDispatcherServlet  : Completed initialization in 1 ms
2025-02-24T01:06:36.303+03:00  INFO 12628 --- [test] [           main] m.g.hw1.test.UsersControllerTest         : Started UsersControllerTest in 0.996 seconds (process running for 12.855)
2025-02-24T01:06:36.446+03:00  INFO 12628 --- [test] [           main] m.g.hw1.controller.UsersController       : Получение пользователя по id: User(id=2, name=Jane Doe, age=25)
]]></system-out>
  </testcase>
  <testcase name="shouldReturnUserByIdWhenUserExists" classname="mipt.guchievmb.hw1.test.UsersControllerTest" time="0.013">
    <system-out><![CDATA[2025-02-24T01:06:36.615+03:00  INFO 12628 --- [test] [           main] m.g.hw1.controller.UsersController       : Получение пользователя по id: User(id=1, name=John Doe, age=30)
]]></system-out>
  </testcase>
  <testcase name="shouldReturnNotFoundWhenUserDoesNotExist" classname="mipt.guchievmb.hw1.test.UsersControllerTest" time="0.021"/>
</testsuite>