<?xml version="1.0" encoding="UTF-8"?>
<testsuite xmlns:xsi="http://www.w3.org/2001/XMLSchema-instance" xsi:noNamespaceSchemaLocation="https://maven.apache.org/surefire/maven-surefire-plugin/xsd/surefire-test-report.xsd" version="3.0.2" name="mipt.guchievmb.hw1.test.E2ETest" time="10.0" tests="5" errors="0" skipped="0" failures="0">
  <properties>
[...]
</properties>
  <testcase name="testGetAllUsers" classname="mipt.guchievmb.hw1.test.E2ETest" time="2.55">
    <system-out><![CDATA[01:06:25.786 [main] INFO org.springframework.test.context.support.AnnotationConfigContextLoaderUtils -- Could not detect default configuration classes for test class [mipt.guchievmb.hw1.test.E2ETest]: E2ETest does not declare any static, non-private, non-final, nested classes annotated with @Configuration.
01:06:26.155 [main] INFO org.springframework.boot.test.context.SpringBootTestContextBootstrapper -- Found @SpringBootConfiguration mipt.guchievmb.hw1.Application for test class mipt.guchievmb.hw1.test.E2ETest

  .   ____          _            __ _ _
 /\\ / ___'_ __ _ _(_)_ __  __ _ \ \ \ \
( ( )\___ | '_ | '_| | '_ \/ _` | \ \ \ \
 \\/  ___)| |_)| | | | | || (_| |  ) ) ) )
  '  |____| .__|_| |_|_| |_\__, | / / / /
 =========|_|==============|___/=/_/_/_/

 :: Spring Boot ::                (v3.4.2)

2025-02-24T01:06:27.383+03:00  INFO 12628 --- [test] [           main] mipt.guchievmb.hw1.test.E2ETest          : Starting E2ETest using Java 23.0.1 with PID 12628 (started by PC in C:\Users\t480s\IdeaProjects\2semHwMTC)
2025-02-24T01:06:27.386+03:00  INFO 12628 --- [test] [           main] mipt.guchievmb.hw1.test.E2ETest          : The following 1 profile is active: "test"
2025-02-24T01:06:30.194+03:00  INFO 12628 --- [test] [           main] o.s.b.w.embedded.tomcat.TomcatWebServer  : Tomcat initialized with port 0 (http)
2025-02-24T01:06:30.243+03:00  INFO 12628 --- [test] [           main] o.apache.catalina.core.StandardService   : Starting service [Tomcat]
2025-02-24T01:06:30.244+03:00  INFO 12628 --- [test] [           main] o.apache.catalina.core.StandardEngine    : Starting Servlet engine: [Apache Tomcat/10.1.34]
2025-02-24T01:06:30.395+03:00  INFO 12628 --- [test] [           main] o.a.c.c.C.[Tomcat].[localhost].[/]       : Initializing Spring embedded WebApplicationContext
2025-02-24T01:06:30.399+03:00  INFO 12628 --- [test] [           main] w.s.c.ServletWebServerApplicationContext : Root WebApplicationContext: initialization completed in 2957 ms
2025-02-24T01:06:32.398+03:00  INFO 12628 --- [test] [           main] o.s.b.w.embedded.tomcat.TomcatWebServer  : Tomcat started on port 64743 (http) with context path '/'
2025-02-24T01:06:32.420+03:00  INFO 12628 --- [test] [           main] mipt.guchievmb.hw1.test.E2ETest          : Started E2ETest in 5.853 seconds (process running for 8.971)
2025-02-24T01:06:34.601+03:00  INFO 12628 --- [test] [o-auto-1-exec-1] o.a.c.c.C.[Tomcat].[localhost].[/]       : Initializing Spring DispatcherServlet 'dispatcherServlet'
2025-02-24T01:06:34.601+03:00  INFO 12628 --- [test] [o-auto-1-exec-1] o.s.web.servlet.DispatcherServlet        : Initializing Servlet 'dispatcherServlet'
2025-02-24T01:06:34.603+03:00  INFO 12628 --- [test] [o-auto-1-exec-1] o.s.web.servlet.DispatcherServlet        : Completed initialization in 1 ms
2025-02-24T01:06:34.856+03:00  INFO 12628 --- [test] [o-auto-1-exec-1] m.g.hw1.controller.UsersController       : Создан пользователь: User(id=1, name=List Test User, age=32)
2025-02-24T01:06:34.938+03:00  INFO 12628 --- [test] [o-auto-1-exec-2] m.g.hw1.controller.UsersController       : Получение всех пользователей: [User(id=1, name=List Test User, age=32)]
]]></system-out>
    <system-err><![CDATA[Mockito is currently self-attaching to enable the inline-mock-maker. This will no longer work in future releases of the JDK. Please add Mockito as an agent to your build what is described in Mockito's documentation: https://javadoc.io/doc/org.mockito/mockito-core/latest/org/mockito/Mockito.html#0.3
WARNING: A Java agent has been loaded dynamically (C:\Users\t480s\.m2\repository\net\bytebuddy\byte-buddy-agent\1.15.11\byte-buddy-agent-1.15.11.jar)
WARNING: If a serviceability tool is in use, please run with -XX:+EnableDynamicAgentLoading to hide this warning
WARNING: If a serviceability tool is not in use, please run with -Djdk.instrument.traceUsage for more information
WARNING: Dynamic loading of agents will be disallowed by default in a future release
]]></system-err>
  </testcase>
  <testcase name="testPartialUpdateUserWithPatch" classname="mipt.guchievmb.hw1.test.E2ETest" time="0.032">
    <system-out><![CDATA[2025-02-24T01:06:35.000+03:00  INFO 12628 --- [test] [o-auto-1-exec-3] m.g.hw1.controller.UsersController       : Создан пользователь: User(id=2, name=Partial Old, age=40)
2025-02-24T01:06:35.011+03:00  INFO 12628 --- [test] [o-auto-1-exec-4] m.g.hw1.controller.UsersController       : Частичное обновление пользователя: User(id=2, name=Partial New, age=40)
]]></system-out>
  </testcase>
  <testcase name="testDeleteUser" classname="mipt.guchievmb.hw1.test.E2ETest" time="0.071">
    <system-out><![CDATA[2025-02-24T01:06:35.031+03:00  INFO 12628 --- [test] [o-auto-1-exec-5] m.g.hw1.controller.UsersController       : Создан пользователь: User(id=3, name=To be deleted, age=28)
2025-02-24T01:06:35.044+03:00  INFO 12628 --- [test] [o-auto-1-exec-6] m.g.hw1.controller.UsersController       : Удаление пользователя с id: 3
]]></system-out>
  </testcase>
  <testcase name="testCreateAndGetUser" classname="mipt.guchievmb.hw1.test.E2ETest" time="0.026">
    <system-out><![CDATA[2025-02-24T01:06:35.104+03:00  INFO 12628 --- [test] [o-auto-1-exec-8] m.g.hw1.controller.UsersController       : Создан пользователь: User(id=4, name=Test User, age=30)
2025-02-24T01:06:35.112+03:00  INFO 12628 --- [test] [o-auto-1-exec-9] m.g.hw1.controller.UsersController       : Получение пользователя по id: User(id=4, name=Test User, age=30)
]]></system-out>
  </testcase>
  <testcase name="testUpdateUserWithPut" classname="mipt.guchievmb.hw1.test.E2ETest" time="0.036">
    <system-out><![CDATA[2025-02-24T01:06:35.139+03:00  INFO 12628 --- [test] [-auto-1-exec-10] m.g.hw1.controller.UsersController       : Создан пользователь: User(id=5, name=Old Name, age=25)
2025-02-24T01:06:35.153+03:00  INFO 12628 --- [test] [o-auto-1-exec-1] m.g.hw1.controller.UsersController       : Обновление пользователя: User(id=5, name=New Name, age=35)
]]></system-out>
  </testcase>
</testsuite>